// kernel.cu -> gpu_program.mem
// addr  word      disassembly

// -- _Z10vadd_int16PsS_S_ --
[000]  50610000  LD    r6, [r1]
[001]  50730000  LD    r7, [r3]
[002]  00876000  VADD  r8, r7, r6
[003]  60058000  ST    [r5], r8
[004]  F0000000  HALT

// -- _Z10vsub_int16PsS_S_ --
[005]  50610000  LD    r6, [r1]
[006]  50730000  LD    r7, [r3]
[007]  10867000  VSUB  r8, r6, r7
[008]  60058000  ST    [r5], r8
[009]  F0000000  HALT

// -- _Z10relu_int16PsS_ --
[010]  50410000  LD    r4, [r1]
[011]  40540000  RELU  r5, r4
[012]  60035000  ST    [r3], r5
[013]  F0000000  HALT

// -- _Z9vmul_bf16P13__nv_bfloat16S0_S0_ --
[014]  50610000  LD    r6, [r1]
[015]  50730000  LD    r7, [r3]
[016]  21867000  VMUL  r8, r6, r7
[017]  60058000  ST    [r5], r8
[018]  F0000000  HALT

// -- _Z9fmac_bf16P13__nv_bfloat16S0_S0_S0_ --
[019]  50810000  LD    r8, [r1]
[020]  50930000  LD    r9, [r3]
[021]  50A50000  LD    r10, [r5]
[022]  31B89000  FMAC  r11, r8, r9  ; acc=r11
[023]  6007B000  ST    [r7], r11
[024]  F0000000  HALT
